<?xml version="1.0" encoding="UTF-8"?>
<testng-results skipped="0" failed="0" total="1" passed="1">
  <reporter-output>
  </reporter-output>
  <suite name="Default suite" duration-ms="49179" started-at="2018-02-02T06:22:06Z" finished-at="2018-02-02T06:22:55Z">
    <groups>
      <group name="cucumber">
        <method signature="AbstractTestNGCucumberTests.feature(cucumber.api.testng.CucumberFeatureWrapper)[pri:0, instance:Runner.RunCuke@192b07fd]" name="feature" class="cucumber.api.testng.AbstractTestNGCucumberTests"/>
      </group> <!-- cucumber -->
    </groups>
    <test name="Default test" duration-ms="49179" started-at="2018-02-02T06:22:06Z" finished-at="2018-02-02T06:22:55Z">
      <class name="Runner.RunCuke">
        <test-method status="PASS" signature="setUpClass()[pri:0, instance:Runner.RunCuke@192b07fd]" name="setUpClass" is-config="true" duration-ms="447" started-at="2018-02-02T11:52:06Z" finished-at="2018-02-02T11:52:07Z">
          <reporter-output>
          </reporter-output>
        </test-method> <!-- setUpClass -->
        <test-method status="PASS" signature="feature(cucumber.api.testng.CucumberFeatureWrapper)[pri:0, instance:Runner.RunCuke@192b07fd]" name="feature" duration-ms="48587" started-at="2018-02-02T11:52:07Z" description="Runs Cucumber Feature" data-provider="features" finished-at="2018-02-02T11:52:55Z">
          <params>
            <param index="0">
              <value>
                <![CDATA[Accessing the Dashboard]]>
              </value>
            </param>
          </params>
          <reporter-output>
          </reporter-output>
        </test-method> <!-- feature -->
        <test-method status="PASS" signature="tearDownClass()[pri:0, instance:Runner.RunCuke@192b07fd]" name="tearDownClass" is-config="true" duration-ms="29" started-at="2018-02-02T11:52:55Z" finished-at="2018-02-02T11:52:55Z">
          <reporter-output>
          </reporter-output>
        </test-method> <!-- tearDownClass -->
      </class> <!-- Runner.RunCuke -->
    </test> <!-- Default test -->
  </suite> <!-- Default suite -->
</testng-results>
